[debug] [2022-05-14T13:08:37.645Z] ----------------------------------------------------------------------
[debug] [2022-05-14T13:08:37.646Z] Command:       C:\Program Files\nodejs\node.exe C:\Users\sudha\AppData\Roaming\npm\node_modules\firebase-tools\lib\bin\firebase.js init
[debug] [2022-05-14T13:08:37.647Z] CLI Version:   10.9.2
[debug] [2022-05-14T13:08:37.647Z] Platform:      win32
[debug] [2022-05-14T13:08:37.647Z] Node Version:  v16.13.2
[debug] [2022-05-14T13:08:37.648Z] Time:          Sat May 14 2022 18:38:37 GMT+0530 (India Standard Time)
[debug] [2022-05-14T13:08:37.648Z] ----------------------------------------------------------------------
[debug] 
[debug] [2022-05-14T13:08:37.706Z] > command requires scopes: ["email","openid","https://www.googleapis.com/auth/cloudplatformprojects.readonly","https://www.googleapis.com/auth/firebase","https://www.googleapis.com/auth/cloud-platform"]
[debug] [2022-05-14T13:08:37.706Z] > authorizing via signed-in user (sudharsandevakumar@gmail.com)
[info] 
     ######## #### ########  ######## ########     ###     ######  ########
     ##        ##  ##     ## ##       ##     ##  ##   ##  ##       ##
     ######    ##  ########  ######   ########  #########  ######  ######
     ##        ##  ##    ##  ##       ##     ## ##     ##       ## ##
     ##       #### ##     ## ######## ########  ##     ##  ######  ########

You're about to initialize a Firebase project in this directory:

  D:\AmazonClone

Before we get started, keep in mind:

  * You are initializing within an existing Firebase project directory

[info] 
=== Project Setup
[info] 
[info] First, let's associate this project directory with a Firebase project.
[info] You can create multiple project aliases by running firebase use --add, 
[info] but for now we'll just set up a default project.
[info] 
[debug] [2022-05-14T13:08:45.680Z] Using project from CLI flag: challenge-4b2b2
[debug] [2022-05-14T13:08:45.682Z] > refreshing access token with scopes: []
[debug] [2022-05-14T13:08:45.683Z] >>> HTTP REQUEST POST https://www.googleapis.com/oauth2/v3/token  
 <request body omitted>
[debug] [2022-05-14T13:08:45.973Z] <<< HTTP RESPONSE 200 {"expires":"Mon, 01 Jan 1990 00:00:00 GMT","date":"Sat, 14 May 2022 13:08:45 GMT","cache-control":"no-cache, no-store, max-age=0, must-revalidate","pragma":"no-cache","content-type":"application/json; charset=utf-8","vary":"X-Origin, Referer, Origin,Accept-Encoding","server":"scaffolding on HTTPServer2","x-xss-protection":"0","x-frame-options":"SAMEORIGIN","x-content-type-options":"nosniff","alt-svc":"h3=\":443\"; ma=2592000,h3-29=\":443\"; ma=2592000,h3-Q050=\":443\"; ma=2592000,h3-Q046=\":443\"; ma=2592000,h3-Q043=\":443\"; ma=2592000,quic=\":443\"; ma=2592000; v=\"46,43\"","accept-ranges":"none","transfer-encoding":"chunked"}
[debug] [2022-05-14T13:08:45.986Z] >>> [apiv2][query] GET https://firebase.googleapis.com/v1beta1/projects/challenge-4b2b2 [none]
[debug] [2022-05-14T13:08:46.536Z] <<< [apiv2][status] GET https://firebase.googleapis.com/v1beta1/projects/challenge-4b2b2 403
[debug] [2022-05-14T13:08:46.537Z] <<< [apiv2][body] GET https://firebase.googleapis.com/v1beta1/projects/challenge-4b2b2 {"error":{"code":403,"message":"The caller does not have permission","status":"PERMISSION_DENIED"}}
[debug] [2022-05-14T13:08:46.537Z] HTTP Error: 403, The caller does not have permission
[debug] [2022-05-14T13:08:46.733Z] FirebaseError: HTTP Error: 403, The caller does not have permission
    at module.exports (C:\Users\sudha\AppData\Roaming\npm\node_modules\firebase-tools\lib\responseToError.js:47:12)
    at RetryOperation._fn (C:\Users\sudha\AppData\Roaming\npm\node_modules\firebase-tools\lib\apiv2.js:286:39)
    at processTicksAndRejections (node:internal/process/task_queues:96:5)
[error] 
[error] Error: Failed to get Firebase project challenge-4b2b2. Please make sure the project exists and your account has permission to access it.
